------------------------------------------------------------------------------------------------------------------------

[2020-11-15 02:04:45 #1 store] 
Database 'C:\Users\harit\git\SI_2\dibisak.odb' is opened by 15624@DESKTOP-BEPR9CN

[2020-11-15 02:04:45 #2 type] 
Type domain.Kontua is not enhanced.

[2020-11-15 02:04:45 #3 type] 
Type domain.Eragiketa is not enhanced.

[2020-11-15 02:04:45 #4 type] 
Type domain.Dibisa is not enhanced.

[2020-11-15 02:04:45 #5 type] 
Type domain.SukurtsalDibisa is not enhanced.

[2020-11-15 02:04:45 #6 type] 
Type domain.Sukurtsala is not enhanced.

------------------------------------------------------------------------------------------------------------------------

[2020-11-15 02:05:51 #1 store] 
Database 'C:\Users\harit\git\SI_2\dibisak.odb' is opened by 9748@DESKTOP-BEPR9CN

[2020-11-15 02:05:51 #2 type] 
Type domain.Kontua is not enhanced.

[2020-11-15 02:05:51 #3 type] 
Type domain.Eragiketa is not enhanced.

[2020-11-15 02:05:51 #4 type] 
Type domain.Dibisa is not enhanced.

[2020-11-15 02:05:51 #5 type] 
Type domain.SukurtsalDibisa is not enhanced.

[2020-11-15 02:05:51 #6 type] 
Type domain.Sukurtsala is not enhanced.

------------------------------------------------------------------------------------------------------------------------

[2020-11-15 11:05:38 #1 store] 
Database 'C:\Users\harit\git\SI_2\dibisak.odb' is opened by 1236@DESKTOP-BEPR9CN

[2020-11-15 11:05:38 #2 type] 
Type domain.Kontua is not enhanced.

[2020-11-15 11:05:38 #3 type] 
Type domain.Eragiketa is not enhanced.

[2020-11-15 11:05:38 #4 type] 
Type domain.Dibisa is not enhanced.

[2020-11-15 11:05:38 #5 type] 
Type domain.SukurtsalDibisa is not enhanced.

[2020-11-15 11:05:38 #6 type] 
Type domain.Sukurtsala is not enhanced.

------------------------------------------------------------------------------------------------------------------------

[2020-11-15 11:06:18 #1 store] 
Database 'C:\Users\harit\git\SI_2\dibisak.odb' is opened by 2336@DESKTOP-BEPR9CN

[2020-11-15 11:06:18 #2 type] 
Type domain.Kontua is not enhanced.

[2020-11-15 11:06:18 #3 type] 
Type domain.Eragiketa is not enhanced.

[2020-11-15 11:06:18 #4 type] 
Type domain.Dibisa is not enhanced.

[2020-11-15 11:06:18 #5 type] 
Type domain.SukurtsalDibisa is not enhanced.

[2020-11-15 11:06:18 #6 type] 
Type domain.Sukurtsala is not enhanced.

------------------------------------------------------------------------------------------------------------------------

[2020-11-15 11:31:05 #1 store] 
Database 'C:\Users\harit\git\SI_2\dibisak.odb' is opened by 7236@DESKTOP-BEPR9CN

[2020-11-15 11:31:05 #2 type] 
Type domain.Kontua is not enhanced.

[2020-11-15 11:31:05 #3 type] 
Type domain.Eragiketa is not enhanced.

[2020-11-15 11:31:05 #4 type] 
Type domain.Dibisa is not enhanced.

[2020-11-15 11:31:05 #5 type] 
Type domain.SukurtsalDibisa is not enhanced.

[2020-11-15 11:31:05 #6 type] 
Type domain.Sukurtsala is not enhanced.

------------------------------------------------------------------------------------------------------------------------

[2020-11-15 11:31:24 #1 store] 
Database 'C:\Users\harit\git\SI_2\dibisak.odb' is opened by 16232@DESKTOP-BEPR9CN

[2020-11-15 11:31:24 #2 type] 
Type domain.Kontua is not enhanced.

[2020-11-15 11:31:24 #3 type] 
Type domain.Eragiketa is not enhanced.

[2020-11-15 11:31:24 #4 type] 
Type domain.Dibisa is not enhanced.

[2020-11-15 11:31:24 #5 type] 
Type domain.SukurtsalDibisa is not enhanced.

[2020-11-15 11:31:24 #6 type] 
Type domain.Sukurtsala is not enhanced.

------------------------------------------------------------------------------------------------------------------------

[2020-11-15 11:32:39 #1 store] 
Database 'C:\Users\harit\git\SI_2\dibisak.odb' has been recovered (tr. 188-188)

[2020-11-15 11:32:39 #2 store] 
Database 'C:\Users\harit\git\SI_2\dibisak.odb' is opened by 6612@DESKTOP-BEPR9CN

[2020-11-15 11:32:40 #3 type] 
Type domain.Kontua is not enhanced.

[2020-11-15 11:32:40 #4 type] 
Type domain.Eragiketa is not enhanced.

[2020-11-15 11:32:40 #5 type] 
Type domain.Dibisa is not enhanced.

[2020-11-15 11:32:40 #6 type] 
Type domain.SukurtsalDibisa is not enhanced.

[2020-11-15 11:32:40 #7 type] 
Type domain.Sukurtsala is not enhanced.

------------------------------------------------------------------------------------------------------------------------

[2020-11-15 14:59:26 #1 store] 
Database 'C:\Users\harit\git\SI_2\dibisak.odb' is opened by 10640@DESKTOP-BEPR9CN

[2020-11-15 14:59:27 #2 type] 
Type domain.Kontua is not enhanced.

[2020-11-15 14:59:27 #3 type] 
Type domain.Eragiketa is not enhanced.

[2020-11-15 14:59:27 #4 type] 
Type domain.Dibisa is not enhanced.

[2020-11-15 14:59:27 #5 type] 
Type domain.SukurtsalDibisa is not enhanced.

[2020-11-15 14:59:27 #6 type] 
Type domain.Sukurtsala is not enhanced.

------------------------------------------------------------------------------------------------------------------------

[2020-11-15 14:59:43 #1 store] 
Database 'C:\Users\harit\git\SI_2\dibisak.odb' is opened by 13624@DESKTOP-BEPR9CN

[2020-11-15 14:59:43 #2 type] 
Type domain.Kontua is not enhanced.

[2020-11-15 14:59:43 #3 type] 
Type domain.Eragiketa is not enhanced.

[2020-11-15 14:59:43 #4 type] 
Type domain.Dibisa is not enhanced.

[2020-11-15 14:59:43 #5 type] 
Type domain.SukurtsalDibisa is not enhanced.

[2020-11-15 14:59:43 #6 type] 
Type domain.Sukurtsala is not enhanced.

------------------------------------------------------------------------------------------------------------------------

[2020-11-15 15:00:37 #1 store] 
Database 'C:\Users\harit\git\SI_2\dibisak.odb' is opened by 13300@DESKTOP-BEPR9CN

[2020-11-15 15:00:37 #2 type] 
Type domain.Kontua is not enhanced.

[2020-11-15 15:00:37 #3 type] 
Type domain.Eragiketa is not enhanced.

[2020-11-15 15:00:37 #4 type] 
Type domain.Dibisa is not enhanced.

[2020-11-15 15:00:37 #5 type] 
Type domain.SukurtsalDibisa is not enhanced.

[2020-11-15 15:00:37 #6 type] 
Type domain.Sukurtsala is not enhanced.

