------------------------------------------------------------------------------------------------------------------------

[2020-10-19 15:33:37 #1 store] 
Database 'C:\Users\harit\git\SI_2\dibisak.odb' has been recovered (tr. 101-105)

[2020-10-19 15:33:38 #2 store] 
Database 'C:\Users\harit\git\SI_2\dibisak.odb' is opened by 3472@DESKTOP-BEPR9CN

[2020-10-19 15:33:38 #3 type] 
Type domain.Kontua is not enhanced.

[2020-10-19 15:33:38 #4 type] 
Type domain.Eragiketa is not enhanced.

[2020-10-19 15:33:38 #5 type] 
Type domain.Dibisa is not enhanced.

[2020-10-19 15:33:38 #6 type] 
Type domain.SukurtsalDibisa is not enhanced.

[2020-10-19 15:33:38 #7 type] 
Type domain.Sukurtsala is not enhanced.

------------------------------------------------------------------------------------------------------------------------

[2020-10-19 15:53:03 #1 store] 
Database 'C:\Users\harit\git\SI_2\dibisak.odb' is opened by 2324@DESKTOP-BEPR9CN

[2020-10-19 15:53:03 #2 type] 
Type domain.Kontua is not enhanced.

[2020-10-19 15:53:03 #3 type] 
Type domain.Eragiketa is not enhanced.

[2020-10-19 15:53:03 #4 type] 
Type domain.Dibisa is not enhanced.

[2020-10-19 15:53:03 #5 type] 
Type domain.SukurtsalDibisa is not enhanced.

[2020-10-19 15:53:03 #6 type] 
Type domain.Sukurtsala is not enhanced.

------------------------------------------------------------------------------------------------------------------------

[2020-10-19 15:54:42 #1 store] 
Database 'C:\Users\harit\git\SI_2\dibisak.odb' is opened by 15252@DESKTOP-BEPR9CN

[2020-10-19 15:54:42 #2 type] 
Type domain.Kontua is not enhanced.

[2020-10-19 15:54:42 #3 type] 
Type domain.Eragiketa is not enhanced.

[2020-10-19 15:54:42 #4 type] 
Type domain.Dibisa is not enhanced.

[2020-10-19 15:54:42 #5 type] 
Type domain.SukurtsalDibisa is not enhanced.

[2020-10-19 15:54:42 #6 type] 
Type domain.Sukurtsala is not enhanced.

------------------------------------------------------------------------------------------------------------------------

[2020-10-19 15:55:54 #1 store] 
Database 'C:\Users\harit\git\SI_2\dibisak.odb' has been recovered (tr. 109-109)

[2020-10-19 15:55:54 #2 store] 
Database 'C:\Users\harit\git\SI_2\dibisak.odb' is opened by 7680@DESKTOP-BEPR9CN

[2020-10-19 15:55:54 #3 type] 
Type domain.Kontua is not enhanced.

[2020-10-19 15:55:54 #4 type] 
Type domain.Eragiketa is not enhanced.

[2020-10-19 15:55:54 #5 type] 
Type domain.Dibisa is not enhanced.

[2020-10-19 15:55:55 #6 type] 
Type domain.SukurtsalDibisa is not enhanced.

[2020-10-19 15:55:55 #7 type] 
Type domain.Sukurtsala is not enhanced.

------------------------------------------------------------------------------------------------------------------------

[2020-10-19 15:57:52 #1 store] 
Database 'C:\Users\harit\git\SI_2\dibisak.odb' is opened by 14508@DESKTOP-BEPR9CN

[2020-10-19 15:57:52 #2 type] 
Type domain.Kontua is not enhanced.

[2020-10-19 15:57:52 #3 type] 
Type domain.Eragiketa is not enhanced.

[2020-10-19 15:57:52 #4 type] 
Type domain.Dibisa is not enhanced.

[2020-10-19 15:57:52 #5 type] 
Type domain.SukurtsalDibisa is not enhanced.

[2020-10-19 15:57:52 #6 type] 
Type domain.Sukurtsala is not enhanced.

------------------------------------------------------------------------------------------------------------------------

[2020-10-19 16:00:22 #1 store] 
Database 'C:\Users\harit\git\SI_2\dibisak.odb' is opened by 7312@DESKTOP-BEPR9CN

[2020-10-19 16:00:23 #2 type] 
Type domain.Kontua is not enhanced.

[2020-10-19 16:00:23 #3 type] 
Type domain.Eragiketa is not enhanced.

[2020-10-19 16:00:23 #4 type] 
Type domain.Dibisa is not enhanced.

[2020-10-19 16:00:23 #5 type] 
Type domain.SukurtsalDibisa is not enhanced.

[2020-10-19 16:00:23 #6 type] 
Type domain.Sukurtsala is not enhanced.

------------------------------------------------------------------------------------------------------------------------

[2020-10-19 16:01:37 #1 store] 
Database 'C:\Users\harit\git\SI_2\dibisak.odb' has been recovered (tr. 111-111)

[2020-10-19 16:01:37 #2 store] 
Database 'C:\Users\harit\git\SI_2\dibisak.odb' is opened by 8936@DESKTOP-BEPR9CN

[2020-10-19 16:01:37 #3 type] 
Type domain.Kontua is not enhanced.

[2020-10-19 16:01:37 #4 type] 
Type domain.Eragiketa is not enhanced.

[2020-10-19 16:01:37 #5 type] 
Type domain.Dibisa is not enhanced.

[2020-10-19 16:01:37 #6 type] 
Type domain.SukurtsalDibisa is not enhanced.

[2020-10-19 16:01:37 #7 type] 
Type domain.Sukurtsala is not enhanced.

------------------------------------------------------------------------------------------------------------------------

[2020-10-19 16:01:58 #1 store] 
Database 'C:\Users\harit\git\SI_2\dibisak.odb' has been recovered (tr. 112-112)

[2020-10-19 16:01:58 #2 store] 
Database 'C:\Users\harit\git\SI_2\dibisak.odb' is opened by 9924@DESKTOP-BEPR9CN

[2020-10-19 16:01:58 #3 type] 
Type domain.Kontua is not enhanced.

[2020-10-19 16:01:58 #4 type] 
Type domain.Eragiketa is not enhanced.

[2020-10-19 16:01:58 #5 type] 
Type domain.Dibisa is not enhanced.

[2020-10-19 16:01:58 #6 type] 
Type domain.SukurtsalDibisa is not enhanced.

[2020-10-19 16:01:58 #7 type] 
Type domain.Sukurtsala is not enhanced.

------------------------------------------------------------------------------------------------------------------------

[2020-10-19 16:03:06 #1 store] 
Database 'C:\Users\harit\git\SI_2\dibisak.odb' has been recovered (tr. 113-113)

[2020-10-19 16:03:06 #2 store] 
Database 'C:\Users\harit\git\SI_2\dibisak.odb' is opened by 13072@DESKTOP-BEPR9CN

[2020-10-19 16:03:06 #3 type] 
Type domain.Kontua is not enhanced.

[2020-10-19 16:03:06 #4 type] 
Type domain.Eragiketa is not enhanced.

[2020-10-19 16:03:06 #5 type] 
Type domain.Dibisa is not enhanced.

[2020-10-19 16:03:06 #6 type] 
Type domain.SukurtsalDibisa is not enhanced.

[2020-10-19 16:03:06 #7 type] 
Type domain.Sukurtsala is not enhanced.

------------------------------------------------------------------------------------------------------------------------

[2020-10-19 16:05:48 #1 store] 
Database 'C:\Users\harit\git\SI_2\dibisak.odb' has been recovered (tr. 114-114)

[2020-10-19 16:05:48 #2 store] 
Database 'C:\Users\harit\git\SI_2\dibisak.odb' is opened by 12856@DESKTOP-BEPR9CN

[2020-10-19 16:05:49 #3 type] 
Type domain.Kontua is not enhanced.

[2020-10-19 16:05:49 #4 type] 
Type domain.Eragiketa is not enhanced.

[2020-10-19 16:05:49 #5 type] 
Type domain.Dibisa is not enhanced.

[2020-10-19 16:05:49 #6 type] 
Type domain.SukurtsalDibisa is not enhanced.

[2020-10-19 16:05:49 #7 type] 
Type domain.Sukurtsala is not enhanced.

------------------------------------------------------------------------------------------------------------------------

[2020-10-19 16:06:19 #1 store] 
Database 'C:\Users\harit\git\SI_2\dibisak.odb' has been recovered (tr. 115-116)

[2020-10-19 16:06:19 #2 store] 
Database 'C:\Users\harit\git\SI_2\dibisak.odb' is opened by 13032@DESKTOP-BEPR9CN

[2020-10-19 16:06:19 #3 type] 
Type domain.Kontua is not enhanced.

[2020-10-19 16:06:19 #4 type] 
Type domain.Eragiketa is not enhanced.

[2020-10-19 16:06:19 #5 type] 
Type domain.Dibisa is not enhanced.

[2020-10-19 16:06:19 #6 type] 
Type domain.SukurtsalDibisa is not enhanced.

[2020-10-19 16:06:19 #7 type] 
Type domain.Sukurtsala is not enhanced.

------------------------------------------------------------------------------------------------------------------------

[2020-10-19 16:10:06 #1 store] 
Database 'C:\Users\harit\git\SI_2\dibisak.odb' is opened by 10732@DESKTOP-BEPR9CN

[2020-10-19 16:10:06 #2 type] 
Type domain.Kontua is not enhanced.

[2020-10-19 16:10:06 #3 type] 
Type domain.Eragiketa is not enhanced.

[2020-10-19 16:10:06 #4 type] 
Type domain.Dibisa is not enhanced.

[2020-10-19 16:10:06 #5 type] 
Type domain.SukurtsalDibisa is not enhanced.

[2020-10-19 16:10:06 #6 type] 
Type domain.Sukurtsala is not enhanced.

------------------------------------------------------------------------------------------------------------------------

[2020-10-19 16:23:56 #1 store] 
Database 'C:\Users\harit\git\SI_2\dibisak.odb' is opened by 6204@DESKTOP-BEPR9CN

[2020-10-19 16:23:56 #2 type] 
Type domain.Kontua is not enhanced.

[2020-10-19 16:23:56 #3 type] 
Type domain.Eragiketa is not enhanced.

[2020-10-19 16:23:56 #4 type] 
Type domain.Dibisa is not enhanced.

[2020-10-19 16:23:56 #5 type] 
Type domain.SukurtsalDibisa is not enhanced.

[2020-10-19 16:23:56 #6 type] 
Type domain.Sukurtsala is not enhanced.

------------------------------------------------------------------------------------------------------------------------

[2020-10-19 16:24:09 #1 store] 
Database 'C:\Users\harit\git\SI_2\dibisak.odb' has been recovered (tr. 124-128)

[2020-10-19 16:24:10 #2 store] 
Database 'C:\Users\harit\git\SI_2\dibisak.odb' is opened by 8476@DESKTOP-BEPR9CN

[2020-10-19 16:24:10 #3 type] 
Type domain.Kontua is not enhanced.

[2020-10-19 16:24:10 #4 type] 
Type domain.Eragiketa is not enhanced.

[2020-10-19 16:24:10 #5 type] 
Type domain.Dibisa is not enhanced.

[2020-10-19 16:24:10 #6 type] 
Type domain.SukurtsalDibisa is not enhanced.

[2020-10-19 16:24:10 #7 type] 
Type domain.Sukurtsala is not enhanced.

------------------------------------------------------------------------------------------------------------------------

[2020-10-19 16:25:44 #1 store] 
Database 'C:\Users\harit\git\SI_2\dibisak.odb' is opened by 12456@DESKTOP-BEPR9CN

[2020-10-19 16:25:44 #2 type] 
Type domain.Kontua is not enhanced.

[2020-10-19 16:25:44 #3 type] 
Type domain.Eragiketa is not enhanced.

[2020-10-19 16:25:44 #4 type] 
Type domain.Dibisa is not enhanced.

[2020-10-19 16:25:44 #5 type] 
Type domain.SukurtsalDibisa is not enhanced.

[2020-10-19 16:25:44 #6 type] 
Type domain.Sukurtsala is not enhanced.

------------------------------------------------------------------------------------------------------------------------

[2020-10-19 16:27:27 #1 store] 
Database 'C:\Users\harit\git\SI_2\dibisak.odb' is opened by 8196@DESKTOP-BEPR9CN

[2020-10-19 16:27:27 #2 type] 
Type domain.Kontua is not enhanced.

[2020-10-19 16:27:27 #3 type] 
Type domain.Eragiketa is not enhanced.

[2020-10-19 16:27:27 #4 type] 
Type domain.Dibisa is not enhanced.

[2020-10-19 16:27:27 #5 type] 
Type domain.SukurtsalDibisa is not enhanced.

[2020-10-19 16:27:27 #6 type] 
Type domain.Sukurtsala is not enhanced.

------------------------------------------------------------------------------------------------------------------------

[2020-10-19 16:28:44 #1 store] 
Database 'C:\Users\harit\git\SI_2\dibisak.odb' is opened by 2276@DESKTOP-BEPR9CN

[2020-10-19 16:28:44 #2 type] 
Type domain.Kontua is not enhanced.

[2020-10-19 16:28:44 #3 type] 
Type domain.Eragiketa is not enhanced.

[2020-10-19 16:28:44 #4 type] 
Type domain.Dibisa is not enhanced.

[2020-10-19 16:28:44 #5 type] 
Type domain.SukurtsalDibisa is not enhanced.

[2020-10-19 16:28:44 #6 type] 
Type domain.Sukurtsala is not enhanced.

------------------------------------------------------------------------------------------------------------------------

[2020-10-19 16:31:46 #1 store] 
Database 'C:\Users\harit\git\SI_2\dibisak.odb' has been recovered (tr. 150-154)

[2020-10-19 16:31:46 #2 store] 
Database 'C:\Users\harit\git\SI_2\dibisak.odb' is opened by 11588@DESKTOP-BEPR9CN

[2020-10-19 16:31:46 #3 type] 
Type domain.Kontua is not enhanced.

[2020-10-19 16:31:46 #4 type] 
Type domain.Eragiketa is not enhanced.

[2020-10-19 16:31:46 #5 type] 
Type domain.Dibisa is not enhanced.

[2020-10-19 16:31:46 #6 type] 
Type domain.SukurtsalDibisa is not enhanced.

[2020-10-19 16:31:46 #7 type] 
Type domain.Sukurtsala is not enhanced.

------------------------------------------------------------------------------------------------------------------------

[2020-10-19 16:32:04 #1 store] 
Database 'C:\Users\harit\git\SI_2\dibisak.odb' has been recovered (tr. 155-159)

[2020-10-19 16:32:04 #2 store] 
Database 'C:\Users\harit\git\SI_2\dibisak.odb' is opened by 13396@DESKTOP-BEPR9CN

[2020-10-19 16:32:04 #3 type] 
Type domain.Kontua is not enhanced.

[2020-10-19 16:32:04 #4 type] 
Type domain.Eragiketa is not enhanced.

[2020-10-19 16:32:04 #5 type] 
Type domain.Dibisa is not enhanced.

[2020-10-19 16:32:04 #6 type] 
Type domain.SukurtsalDibisa is not enhanced.

[2020-10-19 16:32:04 #7 type] 
Type domain.Sukurtsala is not enhanced.

------------------------------------------------------------------------------------------------------------------------

[2020-10-19 16:42:25 #1 store] 
Database 'C:\Users\harit\git\SI_2\dibisak.odb' has been recovered (tr. 160-164)

[2020-10-19 16:42:25 #2 store] 
Database 'C:\Users\harit\git\SI_2\dibisak.odb' is opened by 13348@DESKTOP-BEPR9CN

[2020-10-19 16:42:25 #3 type] 
Type domain.Kontua is not enhanced.

[2020-10-19 16:42:25 #4 type] 
Type domain.Eragiketa is not enhanced.

[2020-10-19 16:42:25 #5 type] 
Type domain.Dibisa is not enhanced.

[2020-10-19 16:42:25 #6 type] 
Type domain.SukurtsalDibisa is not enhanced.

[2020-10-19 16:42:25 #7 type] 
Type domain.Sukurtsala is not enhanced.

------------------------------------------------------------------------------------------------------------------------

[2020-10-19 16:45:01 #1 store] 
Database 'C:\Users\harit\git\SI_2\dibisak.odb' has been recovered (tr. 165-169)

[2020-10-19 16:45:01 #2 store] 
Database 'C:\Users\harit\git\SI_2\dibisak.odb' is opened by 7768@DESKTOP-BEPR9CN

[2020-10-19 16:45:01 #3 type] 
Type domain.Kontua is not enhanced.

[2020-10-19 16:45:01 #4 type] 
Type domain.Eragiketa is not enhanced.

[2020-10-19 16:45:01 #5 type] 
Type domain.Dibisa is not enhanced.

[2020-10-19 16:45:01 #6 type] 
Type domain.SukurtsalDibisa is not enhanced.

[2020-10-19 16:45:01 #7 type] 
Type domain.Sukurtsala is not enhanced.

------------------------------------------------------------------------------------------------------------------------

[2020-10-19 17:55:36 #1 store] 
Database 'C:\Users\harit\git\SI_2\dibisak.odb' is opened by 9196@DESKTOP-BEPR9CN

[2020-10-19 17:55:36 #2 type] 
Type domain.Kontua is not enhanced.

[2020-10-19 17:55:36 #3 type] 
Type domain.Eragiketa is not enhanced.

[2020-10-19 17:55:36 #4 type] 
Type domain.Dibisa is not enhanced.

[2020-10-19 17:55:36 #5 type] 
Type domain.SukurtsalDibisa is not enhanced.

[2020-10-19 17:55:36 #6 type] 
Type domain.Sukurtsala is not enhanced.

------------------------------------------------------------------------------------------------------------------------

[2020-10-19 17:56:02 #1 store] 
Database 'C:\Users\harit\git\SI_2\dibisak.odb' is opened by 13444@DESKTOP-BEPR9CN

[2020-10-19 17:56:02 #2 type] 
Type domain.Kontua is not enhanced.

[2020-10-19 17:56:02 #3 type] 
Type domain.Eragiketa is not enhanced.

[2020-10-19 17:56:02 #4 type] 
Type domain.Dibisa is not enhanced.

[2020-10-19 17:56:02 #5 type] 
Type domain.SukurtsalDibisa is not enhanced.

[2020-10-19 17:56:02 #6 type] 
Type domain.Sukurtsala is not enhanced.

------------------------------------------------------------------------------------------------------------------------

[2020-10-19 17:57:53 #1 store] 
Database 'C:\Users\harit\git\SI_2\dibisak.odb' is opened by 10220@DESKTOP-BEPR9CN

[2020-10-19 17:57:53 #2 type] 
Type domain.Kontua is not enhanced.

[2020-10-19 17:57:53 #3 type] 
Type domain.Eragiketa is not enhanced.

[2020-10-19 17:57:53 #4 type] 
Type domain.Dibisa is not enhanced.

[2020-10-19 17:57:53 #5 type] 
Type domain.SukurtsalDibisa is not enhanced.

[2020-10-19 17:57:53 #6 type] 
Type domain.Sukurtsala is not enhanced.

------------------------------------------------------------------------------------------------------------------------

[2020-10-19 18:00:05 #1 store] 
Database 'C:\Users\harit\git\SI_2\dibisak.odb' is opened by 15312@DESKTOP-BEPR9CN

[2020-10-19 18:00:05 #2 type] 
Type domain.Kontua is not enhanced.

[2020-10-19 18:00:05 #3 type] 
Type domain.Eragiketa is not enhanced.

[2020-10-19 18:00:05 #4 type] 
Type domain.Dibisa is not enhanced.

[2020-10-19 18:00:05 #5 type] 
Type domain.SukurtsalDibisa is not enhanced.

[2020-10-19 18:00:05 #6 type] 
Type domain.Sukurtsala is not enhanced.

------------------------------------------------------------------------------------------------------------------------

[2020-10-19 18:01:33 #1 store] 
Database 'C:\Users\harit\git\SI_2\dibisak.odb' is opened by 9112@DESKTOP-BEPR9CN

[2020-10-19 18:01:36 #2 type] 
Type domain.Kontua is not enhanced.

[2020-10-19 18:01:36 #3 type] 
Type domain.Eragiketa is not enhanced.

[2020-10-19 18:01:36 #4 type] 
Type domain.Dibisa is not enhanced.

[2020-10-19 18:01:36 #5 type] 
Type domain.SukurtsalDibisa is not enhanced.

[2020-10-19 18:01:36 #6 type] 
Type domain.Sukurtsala is not enhanced.

------------------------------------------------------------------------------------------------------------------------

[2020-10-19 18:25:52 #1 store] 
Database 'C:\Users\harit\git\SI_2\dibisak.odb' is opened by 13040@DESKTOP-BEPR9CN

[2020-10-19 18:25:52 #2 type] 
Type domain.Kontua is not enhanced.

[2020-10-19 18:25:52 #3 type] 
Type domain.Eragiketa is not enhanced.

[2020-10-19 18:25:52 #4 type] 
Type domain.Dibisa is not enhanced.

[2020-10-19 18:25:52 #5 type] 
Type domain.SukurtsalDibisa is not enhanced.

[2020-10-19 18:25:52 #6 type] 
Type domain.Sukurtsala is not enhanced.

------------------------------------------------------------------------------------------------------------------------

[2020-10-19 18:41:10 #1 store] 
Database 'C:\Users\harit\git\SI_2\dibisak.odb' is opened by 12508@DESKTOP-BEPR9CN

[2020-10-19 18:41:10 #2 type] 
Type domain.Kontua is not enhanced.

[2020-10-19 18:41:10 #3 type] 
Type domain.Eragiketa is not enhanced.

[2020-10-19 18:41:10 #4 type] 
Type domain.Dibisa is not enhanced.

[2020-10-19 18:41:10 #5 type] 
Type domain.SukurtsalDibisa is not enhanced.

[2020-10-19 18:41:10 #6 type] 
Type domain.Sukurtsala is not enhanced.

------------------------------------------------------------------------------------------------------------------------

[2020-10-19 18:43:31 #1 store] 
Database 'C:\Users\harit\git\SI_2\dibisak.odb' is opened by 12056@DESKTOP-BEPR9CN

[2020-10-19 18:43:31 #2 type] 
Type domain.Kontua is not enhanced.

[2020-10-19 18:43:31 #3 type] 
Type domain.Eragiketa is not enhanced.

[2020-10-19 18:43:31 #4 type] 
Type domain.Dibisa is not enhanced.

[2020-10-19 18:43:31 #5 type] 
Type domain.SukurtsalDibisa is not enhanced.

[2020-10-19 18:43:31 #6 type] 
Type domain.Sukurtsala is not enhanced.

------------------------------------------------------------------------------------------------------------------------

[2020-10-19 18:55:51 #1 store] 
Database 'C:\Users\harit\git\SI_2\dibisak.odb' is opened by 11064@DESKTOP-BEPR9CN

[2020-10-19 18:55:51 #2 type] 
Type domain.Kontua is not enhanced.

[2020-10-19 18:55:51 #3 type] 
Type domain.Eragiketa is not enhanced.

[2020-10-19 18:55:51 #4 type] 
Type domain.Dibisa is not enhanced.

[2020-10-19 18:55:51 #5 type] 
Type domain.SukurtsalDibisa is not enhanced.

[2020-10-19 18:55:51 #6 type] 
Type domain.Sukurtsala is not enhanced.

------------------------------------------------------------------------------------------------------------------------

[2020-10-19 19:02:07 #1 store] 
Database 'C:\Users\harit\git\SI_2\dibisak.odb' is opened by 14204@DESKTOP-BEPR9CN

[2020-10-19 19:02:07 #2 type] 
Type domain.Kontua is not enhanced.

[2020-10-19 19:02:07 #3 type] 
Type domain.Eragiketa is not enhanced.

[2020-10-19 19:02:07 #4 type] 
Type domain.Dibisa is not enhanced.

[2020-10-19 19:02:07 #5 type] 
Type domain.SukurtsalDibisa is not enhanced.

[2020-10-19 19:02:07 #6 type] 
Type domain.Sukurtsala is not enhanced.

------------------------------------------------------------------------------------------------------------------------

[2020-10-19 19:03:00 #1 store] 
Database 'C:\Users\harit\git\SI_2\dibisak.odb' is opened by 1324@DESKTOP-BEPR9CN

[2020-10-19 19:03:02 #2 type] 
Type domain.Kontua is not enhanced.

[2020-10-19 19:03:02 #3 type] 
Type domain.Eragiketa is not enhanced.

[2020-10-19 19:03:02 #4 type] 
Type domain.Dibisa is not enhanced.

[2020-10-19 19:03:02 #5 type] 
Type domain.SukurtsalDibisa is not enhanced.

[2020-10-19 19:03:03 #6 type] 
Type domain.Sukurtsala is not enhanced.

------------------------------------------------------------------------------------------------------------------------

[2020-10-19 19:04:03 #1 store] 
Database 'C:\Users\harit\git\SI_2\dibisak.odb' is opened by 8628@DESKTOP-BEPR9CN

[2020-10-19 19:04:04 #2 type] 
Type domain.Kontua is not enhanced.

[2020-10-19 19:04:04 #3 type] 
Type domain.Eragiketa is not enhanced.

[2020-10-19 19:04:04 #4 type] 
Type domain.Dibisa is not enhanced.

[2020-10-19 19:04:04 #5 type] 
Type domain.SukurtsalDibisa is not enhanced.

[2020-10-19 19:04:04 #6 type] 
Type domain.Sukurtsala is not enhanced.

------------------------------------------------------------------------------------------------------------------------

[2020-10-19 19:04:25 #1 store] 
Database 'C:\Users\harit\git\SI_2\dibisak.odb' is opened by 3200@DESKTOP-BEPR9CN

[2020-10-19 19:04:27 #2 type] 
Type domain.Kontua is not enhanced.

[2020-10-19 19:04:27 #3 type] 
Type domain.Eragiketa is not enhanced.

[2020-10-19 19:04:27 #4 type] 
Type domain.Dibisa is not enhanced.

[2020-10-19 19:04:27 #5 type] 
Type domain.SukurtsalDibisa is not enhanced.

[2020-10-19 19:04:27 #6 type] 
Type domain.Sukurtsala is not enhanced.

------------------------------------------------------------------------------------------------------------------------

[2020-10-19 19:05:13 #1 store] 
Database 'C:\Users\harit\git\SI_2\dibisak.odb' is opened by 11604@DESKTOP-BEPR9CN

[2020-10-19 19:05:13 #2 type] 
Type domain.Kontua is not enhanced.

[2020-10-19 19:05:13 #3 type] 
Type domain.Eragiketa is not enhanced.

[2020-10-19 19:05:13 #4 type] 
Type domain.Dibisa is not enhanced.

[2020-10-19 19:05:13 #5 type] 
Type domain.SukurtsalDibisa is not enhanced.

[2020-10-19 19:05:13 #6 type] 
Type domain.Sukurtsala is not enhanced.

------------------------------------------------------------------------------------------------------------------------

[2020-10-19 19:07:53 #1 store] 
Database 'C:\Users\harit\git\SI_2\dibisak.odb' is opened by 12384@DESKTOP-BEPR9CN

[2020-10-19 19:07:53 #2 type] 
Type domain.Kontua is not enhanced.

[2020-10-19 19:07:53 #3 type] 
Type domain.Eragiketa is not enhanced.

[2020-10-19 19:07:53 #4 type] 
Type domain.Dibisa is not enhanced.

[2020-10-19 19:07:53 #5 type] 
Type domain.SukurtsalDibisa is not enhanced.

[2020-10-19 19:07:53 #6 type] 
Type domain.Sukurtsala is not enhanced.

------------------------------------------------------------------------------------------------------------------------

[2020-10-19 19:08:52 #1 store] 
Database 'C:\Users\harit\git\SI_2\dibisak.odb' is opened by 4036@DESKTOP-BEPR9CN

[2020-10-19 19:08:52 #2 type] 
Type domain.Kontua is not enhanced.

[2020-10-19 19:08:52 #3 type] 
Type domain.Eragiketa is not enhanced.

[2020-10-19 19:08:52 #4 type] 
Type domain.Dibisa is not enhanced.

[2020-10-19 19:08:52 #5 type] 
Type domain.SukurtsalDibisa is not enhanced.

[2020-10-19 19:08:52 #6 type] 
Type domain.Sukurtsala is not enhanced.

------------------------------------------------------------------------------------------------------------------------

[2020-10-19 19:11:27 #1 store] 
Database 'C:\Users\harit\git\SI_2\dibisak.odb' is opened by 9256@DESKTOP-BEPR9CN

[2020-10-19 19:11:27 #2 type] 
Type domain.Kontua is not enhanced.

[2020-10-19 19:11:27 #3 type] 
Type domain.Eragiketa is not enhanced.

[2020-10-19 19:11:27 #4 type] 
Type domain.Dibisa is not enhanced.

[2020-10-19 19:11:27 #5 type] 
Type domain.SukurtsalDibisa is not enhanced.

[2020-10-19 19:11:27 #6 type] 
Type domain.Sukurtsala is not enhanced.

------------------------------------------------------------------------------------------------------------------------

[2020-10-19 19:12:47 #1 store] 
Database 'C:\Users\harit\git\SI_2\dibisak.odb' is opened by 708@DESKTOP-BEPR9CN

[2020-10-19 19:12:48 #2 type] 
Type domain.Kontua is not enhanced.

[2020-10-19 19:12:48 #3 type] 
Type domain.Eragiketa is not enhanced.

[2020-10-19 19:12:48 #4 type] 
Type domain.Dibisa is not enhanced.

[2020-10-19 19:12:48 #5 type] 
Type domain.SukurtsalDibisa is not enhanced.

[2020-10-19 19:12:48 #6 type] 
Type domain.Sukurtsala is not enhanced.

------------------------------------------------------------------------------------------------------------------------

[2020-10-19 19:15:24 #1 store] 
Database 'C:\Users\harit\git\SI_2\dibisak.odb' is opened by 14324@DESKTOP-BEPR9CN

[2020-10-19 19:15:25 #2 type] 
Type domain.Kontua is not enhanced.

[2020-10-19 19:15:25 #3 type] 
Type domain.Eragiketa is not enhanced.

[2020-10-19 19:15:25 #4 type] 
Type domain.Dibisa is not enhanced.

[2020-10-19 19:15:25 #5 type] 
Type domain.SukurtsalDibisa is not enhanced.

[2020-10-19 19:15:25 #6 type] 
Type domain.Sukurtsala is not enhanced.

------------------------------------------------------------------------------------------------------------------------

[2020-10-19 19:16:57 #1 store] 
Database 'C:\Users\harit\git\SI_2\dibisak.odb' is opened by 4116@DESKTOP-BEPR9CN

[2020-10-19 19:16:58 #2 type] 
Type domain.Kontua is not enhanced.

[2020-10-19 19:16:58 #3 type] 
Type domain.Eragiketa is not enhanced.

[2020-10-19 19:16:58 #4 type] 
Type domain.Dibisa is not enhanced.

[2020-10-19 19:16:58 #5 type] 
Type domain.SukurtsalDibisa is not enhanced.

[2020-10-19 19:16:58 #6 type] 
Type domain.Sukurtsala is not enhanced.

------------------------------------------------------------------------------------------------------------------------

[2020-10-19 19:19:21 #1 store] 
Database 'C:\Users\harit\git\SI_2\dibisak.odb' is opened by 10288@DESKTOP-BEPR9CN

[2020-10-19 19:19:21 #2 type] 
Type domain.Kontua is not enhanced.

[2020-10-19 19:19:21 #3 type] 
Type domain.Eragiketa is not enhanced.

[2020-10-19 19:19:21 #4 type] 
Type domain.Dibisa is not enhanced.

[2020-10-19 19:19:21 #5 type] 
Type domain.SukurtsalDibisa is not enhanced.

[2020-10-19 19:19:21 #6 type] 
Type domain.Sukurtsala is not enhanced.

------------------------------------------------------------------------------------------------------------------------

[2020-10-19 19:19:58 #1 store] 
Database 'C:\Users\harit\git\SI_2\dibisak.odb' is opened by 10928@DESKTOP-BEPR9CN

[2020-10-19 19:19:58 #2 type] 
Type domain.Kontua is not enhanced.

[2020-10-19 19:19:58 #3 type] 
Type domain.Eragiketa is not enhanced.

[2020-10-19 19:19:58 #4 type] 
Type domain.Dibisa is not enhanced.

[2020-10-19 19:19:58 #5 type] 
Type domain.SukurtsalDibisa is not enhanced.

[2020-10-19 19:19:58 #6 type] 
Type domain.Sukurtsala is not enhanced.

------------------------------------------------------------------------------------------------------------------------

[2020-10-19 19:23:16 #1 store] 
Database 'C:\Users\harit\git\SI_2\dibisak.odb' is opened by 12076@DESKTOP-BEPR9CN

[2020-10-19 19:23:16 #2 type] 
Type domain.Kontua is not enhanced.

[2020-10-19 19:23:16 #3 type] 
Type domain.Eragiketa is not enhanced.

[2020-10-19 19:23:16 #4 type] 
Type domain.Dibisa is not enhanced.

[2020-10-19 19:23:16 #5 type] 
Type domain.SukurtsalDibisa is not enhanced.

[2020-10-19 19:23:16 #6 type] 
Type domain.Sukurtsala is not enhanced.

------------------------------------------------------------------------------------------------------------------------

[2020-10-19 19:23:46 #1 store] 
Database 'C:\Users\harit\git\SI_2\dibisak.odb' is opened by 1892@DESKTOP-BEPR9CN

[2020-10-19 19:23:46 #2 type] 
Type domain.Kontua is not enhanced.

[2020-10-19 19:23:46 #3 type] 
Type domain.Eragiketa is not enhanced.

[2020-10-19 19:23:46 #4 type] 
Type domain.Dibisa is not enhanced.

[2020-10-19 19:23:46 #5 type] 
Type domain.SukurtsalDibisa is not enhanced.

[2020-10-19 19:23:46 #6 type] 
Type domain.Sukurtsala is not enhanced.

------------------------------------------------------------------------------------------------------------------------

[2020-10-19 19:27:08 #1 store] 
Database 'C:\Users\harit\git\SI_2\dibisak.odb' is opened by 8352@DESKTOP-BEPR9CN

[2020-10-19 19:27:09 #2 type] 
Type domain.Kontua is not enhanced.

[2020-10-19 19:27:09 #3 type] 
Type domain.Eragiketa is not enhanced.

[2020-10-19 19:27:09 #4 type] 
Type domain.Dibisa is not enhanced.

[2020-10-19 19:27:09 #5 type] 
Type domain.SukurtsalDibisa is not enhanced.

[2020-10-19 19:27:09 #6 type] 
Type domain.Sukurtsala is not enhanced.

------------------------------------------------------------------------------------------------------------------------

[2020-10-19 19:27:27 #1 store] 
Database 'C:\Users\harit\git\SI_2\dibisak.odb' is opened by 12492@DESKTOP-BEPR9CN

[2020-10-19 19:27:27 #2 type] 
Type domain.Kontua is not enhanced.

[2020-10-19 19:27:27 #3 type] 
Type domain.Eragiketa is not enhanced.

[2020-10-19 19:27:27 #4 type] 
Type domain.Dibisa is not enhanced.

[2020-10-19 19:27:27 #5 type] 
Type domain.SukurtsalDibisa is not enhanced.

[2020-10-19 19:27:27 #6 type] 
Type domain.Sukurtsala is not enhanced.

------------------------------------------------------------------------------------------------------------------------

[2020-10-19 19:27:42 #1 store] 
Database 'C:\Users\harit\git\SI_2\dibisak.odb' is opened by 11512@DESKTOP-BEPR9CN

[2020-10-19 19:27:42 #2 type] 
Type domain.Kontua is not enhanced.

[2020-10-19 19:27:42 #3 type] 
Type domain.Eragiketa is not enhanced.

[2020-10-19 19:27:42 #4 type] 
Type domain.Dibisa is not enhanced.

[2020-10-19 19:27:42 #5 type] 
Type domain.SukurtsalDibisa is not enhanced.

[2020-10-19 19:27:42 #6 type] 
Type domain.Sukurtsala is not enhanced.

------------------------------------------------------------------------------------------------------------------------

[2020-10-19 19:39:09 #1 store] 
Database 'C:\Users\harit\git\SI_2\dibisak.odb' is opened by 2388@DESKTOP-BEPR9CN

[2020-10-19 19:39:09 #2 type] 
Type domain.Kontua is not enhanced.

[2020-10-19 19:39:09 #3 type] 
Type domain.Eragiketa is not enhanced.

[2020-10-19 19:39:09 #4 type] 
Type domain.Dibisa is not enhanced.

[2020-10-19 19:39:09 #5 type] 
Type domain.SukurtsalDibisa is not enhanced.

[2020-10-19 19:39:09 #6 type] 
Type domain.Sukurtsala is not enhanced.

------------------------------------------------------------------------------------------------------------------------

[2020-10-19 19:39:31 #1 store] 
Database 'C:\Users\harit\git\SI_2\dibisak.odb' is opened by 3160@DESKTOP-BEPR9CN

[2020-10-19 19:39:31 #2 type] 
Type domain.Kontua is not enhanced.

[2020-10-19 19:39:31 #3 type] 
Type domain.Eragiketa is not enhanced.

[2020-10-19 19:39:31 #4 type] 
Type domain.Dibisa is not enhanced.

[2020-10-19 19:39:31 #5 type] 
Type domain.SukurtsalDibisa is not enhanced.

[2020-10-19 19:39:31 #6 type] 
Type domain.Sukurtsala is not enhanced.

------------------------------------------------------------------------------------------------------------------------

[2020-10-19 19:40:20 #1 store] 
Database 'C:\Users\harit\git\SI_2\dibisak.odb' is opened by 11140@DESKTOP-BEPR9CN

[2020-10-19 19:40:20 #2 type] 
Type domain.Kontua is not enhanced.

[2020-10-19 19:40:20 #3 type] 
Type domain.Eragiketa is not enhanced.

[2020-10-19 19:40:20 #4 type] 
Type domain.Dibisa is not enhanced.

[2020-10-19 19:40:20 #5 type] 
Type domain.SukurtsalDibisa is not enhanced.

[2020-10-19 19:40:20 #6 type] 
Type domain.Sukurtsala is not enhanced.

------------------------------------------------------------------------------------------------------------------------

[2020-10-19 19:42:46 #1 store] 
Database 'C:\Users\harit\git\SI_2\dibisak.odb' is opened by 9128@DESKTOP-BEPR9CN

[2020-10-19 19:42:46 #2 type] 
Type domain.Kontua is not enhanced.

[2020-10-19 19:42:46 #3 type] 
Type domain.Eragiketa is not enhanced.

[2020-10-19 19:42:46 #4 type] 
Type domain.Dibisa is not enhanced.

[2020-10-19 19:42:46 #5 type] 
Type domain.SukurtsalDibisa is not enhanced.

[2020-10-19 19:42:46 #6 type] 
Type domain.Sukurtsala is not enhanced.

------------------------------------------------------------------------------------------------------------------------

[2020-10-19 19:45:52 #1 store] 
Database 'C:\Users\harit\git\SI_2\dibisak.odb' is opened by 14760@DESKTOP-BEPR9CN

[2020-10-19 19:45:53 #2 type] 
Type domain.Kontua is not enhanced.

[2020-10-19 19:45:53 #3 type] 
Type domain.Eragiketa is not enhanced.

[2020-10-19 19:45:53 #4 type] 
Type domain.Dibisa is not enhanced.

[2020-10-19 19:45:53 #5 type] 
Type domain.SukurtsalDibisa is not enhanced.

[2020-10-19 19:45:53 #6 type] 
Type domain.Sukurtsala is not enhanced.

------------------------------------------------------------------------------------------------------------------------

[2020-10-19 19:46:09 #1 store] 
Database 'C:\Users\harit\git\SI_2\dibisak.odb' is opened by 9876@DESKTOP-BEPR9CN

[2020-10-19 19:46:09 #2 type] 
Type domain.Kontua is not enhanced.

[2020-10-19 19:46:09 #3 type] 
Type domain.Eragiketa is not enhanced.

[2020-10-19 19:46:09 #4 type] 
Type domain.Dibisa is not enhanced.

[2020-10-19 19:46:09 #5 type] 
Type domain.SukurtsalDibisa is not enhanced.

[2020-10-19 19:46:09 #6 type] 
Type domain.Sukurtsala is not enhanced.

------------------------------------------------------------------------------------------------------------------------

[2020-10-19 19:50:31 #1 store] 
Database 'C:\Users\harit\git\SI_2\dibisak.odb' is opened by 5032@DESKTOP-BEPR9CN

[2020-10-19 19:50:31 #2 type] 
Type domain.Kontua is not enhanced.

[2020-10-19 19:50:31 #3 type] 
Type domain.Eragiketa is not enhanced.

[2020-10-19 19:50:31 #4 type] 
Type domain.Dibisa is not enhanced.

[2020-10-19 19:50:31 #5 type] 
Type domain.SukurtsalDibisa is not enhanced.

[2020-10-19 19:50:31 #6 type] 
Type domain.Sukurtsala is not enhanced.

------------------------------------------------------------------------------------------------------------------------

[2020-10-19 19:52:40 #1 store] 
Database 'C:\Users\harit\git\SI_2\dibisak.odb' is opened by 14804@DESKTOP-BEPR9CN

[2020-10-19 19:52:40 #2 type] 
Type domain.Kontua is not enhanced.

[2020-10-19 19:52:40 #3 type] 
Type domain.Eragiketa is not enhanced.

[2020-10-19 19:52:40 #4 type] 
Type domain.Dibisa is not enhanced.

[2020-10-19 19:52:40 #5 type] 
Type domain.SukurtsalDibisa is not enhanced.

[2020-10-19 19:52:40 #6 type] 
Type domain.Sukurtsala is not enhanced.

------------------------------------------------------------------------------------------------------------------------

[2020-10-19 19:55:48 #1 store] 
Database 'C:\Users\harit\git\SI_2\dibisak.odb' is opened by 5200@DESKTOP-BEPR9CN

[2020-10-19 19:55:49 #2 type] 
Type domain.Kontua is not enhanced.

[2020-10-19 19:55:49 #3 type] 
Type domain.Eragiketa is not enhanced.

[2020-10-19 19:55:49 #4 type] 
Type domain.Dibisa is not enhanced.

[2020-10-19 19:55:49 #5 type] 
Type domain.SukurtsalDibisa is not enhanced.

[2020-10-19 19:55:49 #6 type] 
Type domain.Sukurtsala is not enhanced.

------------------------------------------------------------------------------------------------------------------------

[2020-10-19 19:57:57 #1 store] 
Database 'C:\Users\harit\git\SI_2\dibisak.odb' is opened by 5044@DESKTOP-BEPR9CN

[2020-10-19 19:57:58 #2 type] 
Type domain.Kontua is not enhanced.

[2020-10-19 19:57:58 #3 type] 
Type domain.Eragiketa is not enhanced.

[2020-10-19 19:57:58 #4 type] 
Type domain.Dibisa is not enhanced.

[2020-10-19 19:57:58 #5 type] 
Type domain.SukurtsalDibisa is not enhanced.

[2020-10-19 19:57:58 #6 type] 
Type domain.Sukurtsala is not enhanced.

------------------------------------------------------------------------------------------------------------------------

[2020-10-19 19:58:33 #1 store] 
Database 'C:\Users\harit\git\SI_2\dibisak.odb' is opened by 9388@DESKTOP-BEPR9CN

[2020-10-19 19:58:34 #2 type] 
Type domain.Kontua is not enhanced.

[2020-10-19 19:58:34 #3 type] 
Type domain.Eragiketa is not enhanced.

[2020-10-19 19:58:34 #4 type] 
Type domain.Dibisa is not enhanced.

[2020-10-19 19:58:34 #5 type] 
Type domain.SukurtsalDibisa is not enhanced.

[2020-10-19 19:58:34 #6 type] 
Type domain.Sukurtsala is not enhanced.

------------------------------------------------------------------------------------------------------------------------

[2020-10-19 20:00:28 #1 store] 
Database 'C:\Users\harit\git\SI_2\dibisak.odb' is opened by 8764@DESKTOP-BEPR9CN

[2020-10-19 20:00:28 #2 type] 
Type domain.Kontua is not enhanced.

[2020-10-19 20:00:28 #3 type] 
Type domain.Eragiketa is not enhanced.

[2020-10-19 20:00:28 #4 type] 
Type domain.Dibisa is not enhanced.

[2020-10-19 20:00:28 #5 type] 
Type domain.SukurtsalDibisa is not enhanced.

[2020-10-19 20:00:28 #6 type] 
Type domain.Sukurtsala is not enhanced.

------------------------------------------------------------------------------------------------------------------------

[2020-10-19 20:00:57 #1 store] 
Database 'C:\Users\harit\git\SI_2\dibisak.odb' is opened by 14404@DESKTOP-BEPR9CN

[2020-10-19 20:00:57 #2 type] 
Type domain.Kontua is not enhanced.

[2020-10-19 20:00:57 #3 type] 
Type domain.Eragiketa is not enhanced.

[2020-10-19 20:00:57 #4 type] 
Type domain.Dibisa is not enhanced.

[2020-10-19 20:00:57 #5 type] 
Type domain.SukurtsalDibisa is not enhanced.

[2020-10-19 20:00:57 #6 type] 
Type domain.Sukurtsala is not enhanced.

------------------------------------------------------------------------------------------------------------------------

[2020-10-19 20:04:58 #1 store] 
Database 'C:\Users\harit\git\SI_2\dibisak.odb' is opened by 8116@DESKTOP-BEPR9CN

[2020-10-19 20:04:59 #2 type] 
Type domain.Kontua is not enhanced.

[2020-10-19 20:04:59 #3 type] 
Type domain.Eragiketa is not enhanced.

[2020-10-19 20:04:59 #4 type] 
Type domain.Dibisa is not enhanced.

[2020-10-19 20:04:59 #5 type] 
Type domain.SukurtsalDibisa is not enhanced.

[2020-10-19 20:04:59 #6 type] 
Type domain.Sukurtsala is not enhanced.

------------------------------------------------------------------------------------------------------------------------

[2020-10-19 20:05:06 #1 store] 
Database 'C:\Users\harit\git\SI_2\dibisak.odb' is opened by 7420@DESKTOP-BEPR9CN

[2020-10-19 20:05:06 #2 type] 
Type domain.Kontua is not enhanced.

[2020-10-19 20:05:06 #3 type] 
Type domain.Eragiketa is not enhanced.

[2020-10-19 20:05:06 #4 type] 
Type domain.Dibisa is not enhanced.

[2020-10-19 20:05:06 #5 type] 
Type domain.SukurtsalDibisa is not enhanced.

[2020-10-19 20:05:06 #6 type] 
Type domain.Sukurtsala is not enhanced.

------------------------------------------------------------------------------------------------------------------------

[2020-10-19 20:06:05 #1 store] 
Database 'C:\Users\harit\git\SI_2\dibisak.odb' is opened by 13320@DESKTOP-BEPR9CN

[2020-10-19 20:06:05 #2 type] 
Type domain.Kontua is not enhanced.

[2020-10-19 20:06:05 #3 type] 
Type domain.Eragiketa is not enhanced.

[2020-10-19 20:06:05 #4 type] 
Type domain.Dibisa is not enhanced.

[2020-10-19 20:06:05 #5 type] 
Type domain.SukurtsalDibisa is not enhanced.

[2020-10-19 20:06:05 #6 type] 
Type domain.Sukurtsala is not enhanced.

------------------------------------------------------------------------------------------------------------------------

[2020-10-19 20:08:54 #1 store] 
Database 'C:\Users\harit\git\SI_2\dibisak.odb' is opened by 11752@DESKTOP-BEPR9CN

[2020-10-19 20:08:54 #2 type] 
Type domain.Kontua is not enhanced.

[2020-10-19 20:08:54 #3 type] 
Type domain.Eragiketa is not enhanced.

[2020-10-19 20:08:54 #4 type] 
Type domain.Dibisa is not enhanced.

[2020-10-19 20:08:54 #5 type] 
Type domain.SukurtsalDibisa is not enhanced.

[2020-10-19 20:08:54 #6 type] 
Type domain.Sukurtsala is not enhanced.

------------------------------------------------------------------------------------------------------------------------

[2020-10-19 20:09:50 #1 store] 
Database 'C:\Users\harit\git\SI_2\dibisak.odb' is opened by 1504@DESKTOP-BEPR9CN

[2020-10-19 20:09:50 #2 type] 
Type domain.Kontua is not enhanced.

[2020-10-19 20:09:50 #3 type] 
Type domain.Eragiketa is not enhanced.

[2020-10-19 20:09:50 #4 type] 
Type domain.Dibisa is not enhanced.

[2020-10-19 20:09:50 #5 type] 
Type domain.SukurtsalDibisa is not enhanced.

[2020-10-19 20:09:50 #6 type] 
Type domain.Sukurtsala is not enhanced.

------------------------------------------------------------------------------------------------------------------------

[2020-10-19 20:12:36 #1 store] 
Database 'C:\Users\harit\git\SI_2\dibisak.odb' is opened by 10624@DESKTOP-BEPR9CN

[2020-10-19 20:12:37 #2 type] 
Type domain.Kontua is not enhanced.

[2020-10-19 20:12:37 #3 type] 
Type domain.Eragiketa is not enhanced.

[2020-10-19 20:12:37 #4 type] 
Type domain.Dibisa is not enhanced.

[2020-10-19 20:12:37 #5 type] 
Type domain.SukurtsalDibisa is not enhanced.

[2020-10-19 20:12:37 #6 type] 
Type domain.Sukurtsala is not enhanced.

------------------------------------------------------------------------------------------------------------------------

[2020-10-19 20:12:46 #1 store] 
Database 'C:\Users\harit\git\SI_2\dibisak.odb' is opened by 8008@DESKTOP-BEPR9CN

[2020-10-19 20:12:46 #2 type] 
Type domain.Kontua is not enhanced.

[2020-10-19 20:12:46 #3 type] 
Type domain.Eragiketa is not enhanced.

[2020-10-19 20:12:46 #4 type] 
Type domain.Dibisa is not enhanced.

[2020-10-19 20:12:46 #5 type] 
Type domain.SukurtsalDibisa is not enhanced.

[2020-10-19 20:12:46 #6 type] 
Type domain.Sukurtsala is not enhanced.

------------------------------------------------------------------------------------------------------------------------

[2020-10-19 20:12:51 #1 store] 
Database 'C:\Users\harit\git\SI_2\dibisak.odb' is opened by 13532@DESKTOP-BEPR9CN

[2020-10-19 20:12:51 #2 type] 
Type domain.Kontua is not enhanced.

[2020-10-19 20:12:51 #3 type] 
Type domain.Eragiketa is not enhanced.

[2020-10-19 20:12:51 #4 type] 
Type domain.Dibisa is not enhanced.

[2020-10-19 20:12:51 #5 type] 
Type domain.SukurtsalDibisa is not enhanced.

[2020-10-19 20:12:51 #6 type] 
Type domain.Sukurtsala is not enhanced.

------------------------------------------------------------------------------------------------------------------------

[2020-10-19 20:15:21 #1 store] 
Database 'C:\Users\harit\git\SI_2\dibisak.odb' is opened by 14104@DESKTOP-BEPR9CN

[2020-10-19 20:15:21 #2 type] 
Type domain.Kontua is not enhanced.

[2020-10-19 20:15:21 #3 type] 
Type domain.Eragiketa is not enhanced.

[2020-10-19 20:15:21 #4 type] 
Type domain.Dibisa is not enhanced.

[2020-10-19 20:15:21 #5 type] 
Type domain.SukurtsalDibisa is not enhanced.

[2020-10-19 20:15:21 #6 type] 
Type domain.Sukurtsala is not enhanced.

------------------------------------------------------------------------------------------------------------------------

[2020-10-19 20:15:34 #1 store] 
Database 'C:\Users\harit\git\SI_2\dibisak.odb' is opened by 10052@DESKTOP-BEPR9CN

[2020-10-19 20:15:34 #2 type] 
Type domain.Kontua is not enhanced.

[2020-10-19 20:15:34 #3 type] 
Type domain.Eragiketa is not enhanced.

[2020-10-19 20:15:34 #4 type] 
Type domain.Dibisa is not enhanced.

[2020-10-19 20:15:34 #5 type] 
Type domain.SukurtsalDibisa is not enhanced.

[2020-10-19 20:15:34 #6 type] 
Type domain.Sukurtsala is not enhanced.

------------------------------------------------------------------------------------------------------------------------

[2020-10-19 20:15:52 #1 store] 
Database 'C:\Users\harit\git\SI_2\dibisak.odb' is opened by 10944@DESKTOP-BEPR9CN

[2020-10-19 20:15:52 #2 type] 
Type domain.Kontua is not enhanced.

[2020-10-19 20:15:52 #3 type] 
Type domain.Eragiketa is not enhanced.

[2020-10-19 20:15:52 #4 type] 
Type domain.Dibisa is not enhanced.

[2020-10-19 20:15:52 #5 type] 
Type domain.SukurtsalDibisa is not enhanced.

[2020-10-19 20:15:52 #6 type] 
Type domain.Sukurtsala is not enhanced.

------------------------------------------------------------------------------------------------------------------------

[2020-10-19 20:16:09 #1 store] 
Database 'C:\Users\harit\git\SI_2\dibisak.odb' is opened by 14152@DESKTOP-BEPR9CN

[2020-10-19 20:16:09 #2 type] 
Type domain.Kontua is not enhanced.

[2020-10-19 20:16:09 #3 type] 
Type domain.Eragiketa is not enhanced.

[2020-10-19 20:16:09 #4 type] 
Type domain.Dibisa is not enhanced.

[2020-10-19 20:16:09 #5 type] 
Type domain.SukurtsalDibisa is not enhanced.

[2020-10-19 20:16:09 #6 type] 
Type domain.Sukurtsala is not enhanced.

------------------------------------------------------------------------------------------------------------------------

[2020-10-19 20:18:36 #1 store] 
Database 'C:\Users\harit\git\SI_2\dibisak.odb' is opened by 2916@DESKTOP-BEPR9CN

[2020-10-19 20:18:36 #2 type] 
Type domain.Kontua is not enhanced.

[2020-10-19 20:18:36 #3 type] 
Type domain.Eragiketa is not enhanced.

[2020-10-19 20:18:36 #4 type] 
Type domain.Dibisa is not enhanced.

[2020-10-19 20:18:36 #5 type] 
Type domain.SukurtsalDibisa is not enhanced.

[2020-10-19 20:18:36 #6 type] 
Type domain.Sukurtsala is not enhanced.

------------------------------------------------------------------------------------------------------------------------

[2020-10-19 20:18:43 #1 store] 
Database 'C:\Users\harit\git\SI_2\dibisak.odb' is opened by 9832@DESKTOP-BEPR9CN

[2020-10-19 20:18:43 #2 type] 
Type domain.Kontua is not enhanced.

[2020-10-19 20:18:43 #3 type] 
Type domain.Eragiketa is not enhanced.

[2020-10-19 20:18:43 #4 type] 
Type domain.Dibisa is not enhanced.

[2020-10-19 20:18:43 #5 type] 
Type domain.SukurtsalDibisa is not enhanced.

[2020-10-19 20:18:43 #6 type] 
Type domain.Sukurtsala is not enhanced.

------------------------------------------------------------------------------------------------------------------------

[2020-10-19 20:20:18 #1 store] 
Database 'C:\Users\harit\git\SI_2\dibisak.odb' is opened by 14484@DESKTOP-BEPR9CN

[2020-10-19 20:20:18 #2 type] 
Type domain.Kontua is not enhanced.

[2020-10-19 20:20:18 #3 type] 
Type domain.Eragiketa is not enhanced.

[2020-10-19 20:20:18 #4 type] 
Type domain.Dibisa is not enhanced.

[2020-10-19 20:20:18 #5 type] 
Type domain.SukurtsalDibisa is not enhanced.

[2020-10-19 20:20:18 #6 type] 
Type domain.Sukurtsala is not enhanced.

------------------------------------------------------------------------------------------------------------------------

[2020-10-19 20:21:32 #1 store] 
Database 'C:\Users\harit\git\SI_2\dibisak.odb' is opened by 10964@DESKTOP-BEPR9CN

[2020-10-19 20:21:32 #2 type] 
Type domain.Kontua is not enhanced.

[2020-10-19 20:21:32 #3 type] 
Type domain.Eragiketa is not enhanced.

[2020-10-19 20:21:32 #4 type] 
Type domain.Dibisa is not enhanced.

[2020-10-19 20:21:32 #5 type] 
Type domain.SukurtsalDibisa is not enhanced.

[2020-10-19 20:21:32 #6 type] 
Type domain.Sukurtsala is not enhanced.

------------------------------------------------------------------------------------------------------------------------

[2020-10-19 20:23:20 #1 store] 
Database 'C:\Users\harit\git\SI_2\dibisak.odb' is opened by 8568@DESKTOP-BEPR9CN

[2020-10-19 20:23:20 #2 type] 
Type domain.Kontua is not enhanced.

[2020-10-19 20:23:20 #3 type] 
Type domain.Eragiketa is not enhanced.

[2020-10-19 20:23:20 #4 type] 
Type domain.Dibisa is not enhanced.

[2020-10-19 20:23:20 #5 type] 
Type domain.SukurtsalDibisa is not enhanced.

[2020-10-19 20:23:20 #6 type] 
Type domain.Sukurtsala is not enhanced.

------------------------------------------------------------------------------------------------------------------------

[2020-10-19 20:23:26 #1 store] 
Database 'C:\Users\harit\git\SI_2\dibisak.odb' is opened by 10040@DESKTOP-BEPR9CN

[2020-10-19 20:23:26 #2 type] 
Type domain.Kontua is not enhanced.

[2020-10-19 20:23:26 #3 type] 
Type domain.Eragiketa is not enhanced.

[2020-10-19 20:23:26 #4 type] 
Type domain.Dibisa is not enhanced.

[2020-10-19 20:23:26 #5 type] 
Type domain.SukurtsalDibisa is not enhanced.

[2020-10-19 20:23:26 #6 type] 
Type domain.Sukurtsala is not enhanced.

------------------------------------------------------------------------------------------------------------------------

[2020-10-19 20:24:53 #1 store] 
Database 'C:\Users\harit\git\SI_2\dibisak.odb' is opened by 13544@DESKTOP-BEPR9CN

[2020-10-19 20:24:53 #2 type] 
Type domain.Kontua is not enhanced.

[2020-10-19 20:24:53 #3 type] 
Type domain.Eragiketa is not enhanced.

[2020-10-19 20:24:53 #4 type] 
Type domain.Dibisa is not enhanced.

[2020-10-19 20:24:53 #5 type] 
Type domain.SukurtsalDibisa is not enhanced.

[2020-10-19 20:24:53 #6 type] 
Type domain.Sukurtsala is not enhanced.

------------------------------------------------------------------------------------------------------------------------

[2020-10-19 22:36:01 #1 store] 
Database 'C:\Users\harit\git\SI_2\dibisak.odb' is opened by 13292@DESKTOP-BEPR9CN

[2020-10-19 22:36:01 #2 type] 
Type domain.Kontua is not enhanced.

[2020-10-19 22:36:01 #3 type] 
Type domain.Eragiketa is not enhanced.

[2020-10-19 22:36:01 #4 type] 
Type domain.Dibisa is not enhanced.

[2020-10-19 22:36:01 #5 type] 
Type domain.SukurtsalDibisa is not enhanced.

[2020-10-19 22:36:01 #6 type] 
Type domain.Sukurtsala is not enhanced.

------------------------------------------------------------------------------------------------------------------------

[2020-10-19 22:37:21 #1 store] 
Database 'C:\Users\harit\git\SI_2\dibisak.odb' is opened by 3556@DESKTOP-BEPR9CN

[2020-10-19 22:37:21 #2 type] 
Type domain.Kontua is not enhanced.

[2020-10-19 22:37:21 #3 type] 
Type domain.Eragiketa is not enhanced.

[2020-10-19 22:37:21 #4 type] 
Type domain.Dibisa is not enhanced.

[2020-10-19 22:37:21 #5 type] 
Type domain.SukurtsalDibisa is not enhanced.

[2020-10-19 22:37:21 #6 type] 
Type domain.Sukurtsala is not enhanced.

------------------------------------------------------------------------------------------------------------------------

[2020-10-19 22:37:29 #1 store] 
Database 'C:\Users\harit\git\SI_2\dibisak.odb' has been recovered (tr. 175-179)

[2020-10-19 22:37:29 #2 store] 
Database 'C:\Users\harit\git\SI_2\dibisak.odb' is opened by 12384@DESKTOP-BEPR9CN

[2020-10-19 22:37:29 #3 type] 
Type domain.Kontua is not enhanced.

[2020-10-19 22:37:29 #4 type] 
Type domain.Eragiketa is not enhanced.

[2020-10-19 22:37:29 #5 type] 
Type domain.Dibisa is not enhanced.

[2020-10-19 22:37:29 #6 type] 
Type domain.SukurtsalDibisa is not enhanced.

[2020-10-19 22:37:29 #7 type] 
Type domain.Sukurtsala is not enhanced.

------------------------------------------------------------------------------------------------------------------------

[2020-10-19 22:44:03 #1 store] 
Database 'C:\Users\harit\git\SI_2\dibisak.odb' is opened by 14684@DESKTOP-BEPR9CN

[2020-10-19 22:44:03 #2 type] 
Type domain.Kontua is not enhanced.

[2020-10-19 22:44:03 #3 type] 
Type domain.Eragiketa is not enhanced.

[2020-10-19 22:44:03 #4 type] 
Type domain.Dibisa is not enhanced.

[2020-10-19 22:44:03 #5 type] 
Type domain.SukurtsalDibisa is not enhanced.

[2020-10-19 22:44:03 #6 type] 
Type domain.Sukurtsala is not enhanced.

