------------------------------------------------------------------------------------------------------------------------

[2020-11-14 17:13:41 #1 store] 
Database 'C:\Users\harit\git\SI_2\dibisak.odb' has been recovered (tr. 180-184)

[2020-11-14 17:13:41 #2 store] 
Database 'C:\Users\harit\git\SI_2\dibisak.odb' is opened by 8628@DESKTOP-BEPR9CN

[2020-11-14 17:13:41 #3 type] 
Type domain.Kontua is not enhanced.

[2020-11-14 17:13:41 #4 type.registry] 
New type domain.KontuaProduct

[2020-11-14 17:13:41 #5 type] 
Type domain.Eragiketa is not enhanced.

[2020-11-14 17:13:41 #6 type] 
Type domain.Dibisa is not enhanced.

[2020-11-14 17:13:41 #7 type] 
Type domain.SukurtsalDibisa is not enhanced.

[2020-11-14 17:13:41 #8 type] 
Type domain.Sukurtsala is not enhanced.

------------------------------------------------------------------------------------------------------------------------

[2020-11-14 17:14:06 #1 store] 
Database 'C:\Users\harit\git\SI_2\dibisak.odb' has been recovered (tr. 185-185)

[2020-11-14 17:14:06 #2 store] 
Database 'C:\Users\harit\git\SI_2\dibisak.odb' is opened by 4120@DESKTOP-BEPR9CN

[2020-11-14 17:14:06 #3 type] 
Type domain.Kontua is not enhanced.

[2020-11-14 17:14:06 #4 type] 
Type domain.Eragiketa is not enhanced.

[2020-11-14 17:14:06 #5 type] 
Type domain.Dibisa is not enhanced.

[2020-11-14 17:14:06 #6 type] 
Type domain.SukurtsalDibisa is not enhanced.

[2020-11-14 17:14:06 #7 type] 
Type domain.Sukurtsala is not enhanced.

------------------------------------------------------------------------------------------------------------------------

[2020-11-14 17:15:45 #1 store] 
Database 'C:\Users\harit\git\SI_2\dibisak.odb' is opened by 12456@DESKTOP-BEPR9CN

[2020-11-14 17:15:46 #2 type] 
Type domain.Kontua is not enhanced.

[2020-11-14 17:15:46 #3 type] 
Type domain.Eragiketa is not enhanced.

[2020-11-14 17:15:46 #4 type] 
Type domain.Dibisa is not enhanced.

[2020-11-14 17:15:46 #5 type] 
Type domain.SukurtsalDibisa is not enhanced.

[2020-11-14 17:15:46 #6 type] 
Type domain.Sukurtsala is not enhanced.

------------------------------------------------------------------------------------------------------------------------

[2020-11-14 17:17:06 #1 store] 
Database 'C:\Users\harit\git\SI_2\dibisak.odb' is opened by 2916@DESKTOP-BEPR9CN

[2020-11-14 17:17:06 #2 type] 
Type domain.Kontua is not enhanced.

[2020-11-14 17:17:06 #3 type] 
Type domain.Eragiketa is not enhanced.

[2020-11-14 17:17:06 #4 type] 
Type domain.Dibisa is not enhanced.

[2020-11-14 17:17:06 #5 type] 
Type domain.SukurtsalDibisa is not enhanced.

[2020-11-14 17:17:06 #6 type] 
Type domain.Sukurtsala is not enhanced.

------------------------------------------------------------------------------------------------------------------------

[2020-11-14 19:11:00 #1 store] 
Database 'C:\Users\harit\git\SI_2\dibisak.odb' is opened by 11956@DESKTOP-BEPR9CN

[2020-11-14 19:11:01 #2 type] 
Type domain.Kontua is not enhanced.

[2020-11-14 19:11:01 #3 type] 
Type domain.Eragiketa is not enhanced.

[2020-11-14 19:11:01 #4 type] 
Type domain.Dibisa is not enhanced.

[2020-11-14 19:11:01 #5 type] 
Type domain.SukurtsalDibisa is not enhanced.

[2020-11-14 19:11:01 #6 type] 
Type domain.Sukurtsala is not enhanced.

------------------------------------------------------------------------------------------------------------------------

[2020-11-14 19:12:52 #1 store] 
Database 'C:\Users\harit\git\SI_2\dibisak.odb' is opened by 8868@DESKTOP-BEPR9CN

[2020-11-14 19:12:52 #2 type] 
Type domain.Kontua is not enhanced.

[2020-11-14 19:12:52 #3 type] 
Type domain.Eragiketa is not enhanced.

[2020-11-14 19:12:52 #4 type] 
Type domain.Dibisa is not enhanced.

[2020-11-14 19:12:52 #5 type] 
Type domain.SukurtsalDibisa is not enhanced.

[2020-11-14 19:12:52 #6 type] 
Type domain.Sukurtsala is not enhanced.

------------------------------------------------------------------------------------------------------------------------

[2020-11-14 19:20:31 #1 store] 
Database 'C:\Users\harit\git\SI_2\dibisak.odb' is opened by 10180@DESKTOP-BEPR9CN

[2020-11-14 19:20:31 #2 type] 
Type domain.Kontua is not enhanced.

[2020-11-14 19:20:31 #3 type] 
Type domain.Eragiketa is not enhanced.

[2020-11-14 19:20:31 #4 type] 
Type domain.Dibisa is not enhanced.

[2020-11-14 19:20:31 #5 type] 
Type domain.SukurtsalDibisa is not enhanced.

[2020-11-14 19:20:31 #6 type] 
Type domain.Sukurtsala is not enhanced.

------------------------------------------------------------------------------------------------------------------------

[2020-11-14 19:22:51 #1 store] 
Database 'C:\Users\harit\git\SI_2\dibisak.odb' is opened by 10796@DESKTOP-BEPR9CN

[2020-11-14 19:22:51 #2 type] 
Type domain.Kontua is not enhanced.

[2020-11-14 19:22:51 #3 type] 
Type domain.Eragiketa is not enhanced.

[2020-11-14 19:22:51 #4 type] 
Type domain.Dibisa is not enhanced.

[2020-11-14 19:22:51 #5 type] 
Type domain.SukurtsalDibisa is not enhanced.

[2020-11-14 19:22:51 #6 type] 
Type domain.Sukurtsala is not enhanced.

------------------------------------------------------------------------------------------------------------------------

[2020-11-14 19:24:04 #1 store] 
Database 'C:\Users\harit\git\SI_2\dibisak.odb' is opened by 15348@DESKTOP-BEPR9CN

[2020-11-14 19:24:04 #2 type] 
Type domain.Kontua is not enhanced.

[2020-11-14 19:24:04 #3 type] 
Type domain.Eragiketa is not enhanced.

[2020-11-14 19:24:04 #4 type] 
Type domain.Dibisa is not enhanced.

[2020-11-14 19:24:04 #5 type] 
Type domain.SukurtsalDibisa is not enhanced.

[2020-11-14 19:24:04 #6 type] 
Type domain.Sukurtsala is not enhanced.

------------------------------------------------------------------------------------------------------------------------

[2020-11-14 19:28:20 #1 store] 
Database 'C:\Users\harit\git\SI_2\dibisak.odb' is opened by 12012@DESKTOP-BEPR9CN

[2020-11-14 19:28:21 #2 type] 
Type domain.Kontua is not enhanced.

[2020-11-14 19:28:21 #3 type] 
Type domain.Eragiketa is not enhanced.

[2020-11-14 19:28:21 #4 type] 
Type domain.Dibisa is not enhanced.

[2020-11-14 19:28:21 #5 type] 
Type domain.SukurtsalDibisa is not enhanced.

[2020-11-14 19:28:21 #6 type] 
Type domain.Sukurtsala is not enhanced.

------------------------------------------------------------------------------------------------------------------------

[2020-11-14 19:32:55 #1 store] 
Database 'C:\Users\harit\git\SI_2\dibisak.odb' is opened by 14536@DESKTOP-BEPR9CN

[2020-11-14 19:32:55 #2 type] 
Type domain.Kontua is not enhanced.

[2020-11-14 19:32:55 #3 type] 
Type domain.Eragiketa is not enhanced.

[2020-11-14 19:32:55 #4 type] 
Type domain.Dibisa is not enhanced.

[2020-11-14 19:32:55 #5 type] 
Type domain.SukurtsalDibisa is not enhanced.

[2020-11-14 19:32:55 #6 type] 
Type domain.Sukurtsala is not enhanced.

------------------------------------------------------------------------------------------------------------------------

[2020-11-14 23:08:45 #1 store] 
Database 'C:\Users\harit\git\SI_2\dibisak.odb' is opened by 796@DESKTOP-BEPR9CN

[2020-11-14 23:08:46 #2 type] 
Type domain.Kontua is not enhanced.

[2020-11-14 23:08:46 #3 type] 
Type domain.Eragiketa is not enhanced.

[2020-11-14 23:08:46 #4 type] 
Type domain.Dibisa is not enhanced.

[2020-11-14 23:08:46 #5 type] 
Type domain.SukurtsalDibisa is not enhanced.

[2020-11-14 23:08:46 #6 type] 
Type domain.Sukurtsala is not enhanced.

------------------------------------------------------------------------------------------------------------------------

[2020-11-14 23:10:00 #1 store] 
Database 'C:\Users\harit\git\SI_2\dibisak.odb' is opened by 10636@DESKTOP-BEPR9CN

[2020-11-14 23:10:00 #2 type] 
Type domain.Kontua is not enhanced.

[2020-11-14 23:10:00 #3 type] 
Type domain.Eragiketa is not enhanced.

[2020-11-14 23:10:00 #4 type] 
Type domain.Dibisa is not enhanced.

[2020-11-14 23:10:00 #5 type] 
Type domain.SukurtsalDibisa is not enhanced.

[2020-11-14 23:10:00 #6 type] 
Type domain.Sukurtsala is not enhanced.

------------------------------------------------------------------------------------------------------------------------

[2020-11-14 23:11:43 #1 store] 
Database 'C:\Users\harit\git\SI_2\dibisak.odb' is opened by 4836@DESKTOP-BEPR9CN

[2020-11-14 23:11:43 #2 type] 
Type domain.Kontua is not enhanced.

[2020-11-14 23:11:43 #3 type] 
Type domain.Eragiketa is not enhanced.

[2020-11-14 23:11:43 #4 type] 
Type domain.Dibisa is not enhanced.

[2020-11-14 23:11:43 #5 type] 
Type domain.SukurtsalDibisa is not enhanced.

[2020-11-14 23:11:43 #6 type] 
Type domain.Sukurtsala is not enhanced.

------------------------------------------------------------------------------------------------------------------------

[2020-11-14 23:21:44 #1 store] 
Database 'C:\Users\harit\git\SI_2\dibisak.odb' is opened by 2328@DESKTOP-BEPR9CN

[2020-11-14 23:21:44 #2 type] 
Type domain.Kontua is not enhanced.

[2020-11-14 23:21:44 #3 type] 
Type domain.Eragiketa is not enhanced.

[2020-11-14 23:21:44 #4 type] 
Type domain.Dibisa is not enhanced.

[2020-11-14 23:21:44 #5 type] 
Type domain.SukurtsalDibisa is not enhanced.

[2020-11-14 23:21:44 #6 type] 
Type domain.Sukurtsala is not enhanced.

